<?xml version="1.0" encoding="UTF-8"?>
<!-- Generated by org.testng.reporters.JUnitXMLReporter -->
<testsuite ignored="0" hostname="MKOKANE10A" failures="1" tests="4" name="Test" time="64.558" errors="0" timestamp="2024-06-13T11:29:08 IST">
  <testcase classname="com.prjct.qa.testcases.LoginpageTest" name="loginpagetitletest" time="0.038"/>
  <testcase classname="com.prjct.qa.testcases.LoginpageTest" name="crmlogotest" time="0.029"/>
  <testcase classname="com.prjct.qa.testcases.LoginpageTest" name="loginTest" time="0.265"/>
  <testcase classname="com.prjct.qa.testcases.HomepageTest" name="clickSelfserviceReportingMenu" time="28.893">
    <failure type="java.lang.AssertionError" message="expected [Self Service Reporting] but found []">
      <![CDATA[java.lang.AssertionError: expected [Self Service Reporting] but found []
at com.prjct.qa.testcases.HomepageTest.clickSelfserviceReportingMenu(HomepageTest.java:35)
at java.base/java.util.ArrayList.forEach(ArrayList.java:1596)
... Removed 31 stack frames]]>
    </failure>
  </testcase> <!-- clickSelfserviceReportingMenu -->
</testsuite> <!-- Test -->
