<?xml version="1.0" encoding="UTF-8"?>
<!-- Generated by org.testng.reporters.JUnitXMLReporter -->
<testsuite ignored="0" hostname="MKOKANE10A" failures="0" tests="4" name="Test" time="55.211" errors="0" timestamp="2024-06-13T12:28:08 IST">
  <testcase classname="com.prjct.qa.testcases.LoginpageTest" name="loginpagetitletest" time="0.016"/>
  <testcase classname="com.prjct.qa.testcases.LoginpageTest" name="crmlogotest" time="0.033"/>
  <testcase classname="com.prjct.qa.testcases.LoginpageTest" name="loginTest" time="3.573"/>
  <testcase classname="com.prjct.qa.testcases.HomepageTest" name="clickVerifyFavoritesPageTitile" time="23.641"/>
</testsuite> <!-- Test -->
