<?xml version="1.0" encoding="UTF-8"?>
<testng-results ignored="0" total="1" passed="1" failed="0" skipped="0">
  <reporter-output>
  </reporter-output>
  <suite started-at="2024-06-13T12:24:08 IST" name="Default suite" finished-at="2024-06-13T12:24:41 IST" duration-ms="33165">
    <groups>
    </groups>
    <test started-at="2024-06-13T12:24:08 IST" name="Default test" finished-at="2024-06-13T12:24:41 IST" duration-ms="33165">
      <class name="com.prjct.qa.testcases.HomepageTest">
        <test-method is-config="true" signature="setup()[pri:0, instance:com.prjct.qa.testcases.HomepageTest@799f10e1]" started-at="2024-06-13T12:24:08 IST" name="setup" finished-at="2024-06-13T12:24:17 IST" duration-ms="9505" status="PASS">
          <reporter-output>
          </reporter-output>
        </test-method> <!-- setup -->
        <test-method signature="clickVerifyFavoritesPageTitile()[pri:0, instance:com.prjct.qa.testcases.HomepageTest@799f10e1]" started-at="2024-06-13T12:24:17 IST" name="clickVerifyFavoritesPageTitile" finished-at="2024-06-13T12:24:41 IST" duration-ms="23489" status="PASS">
          <reporter-output>
          </reporter-output>
        </test-method> <!-- clickVerifyFavoritesPageTitile -->
        <test-method is-config="true" signature="teardown()[pri:0, instance:com.prjct.qa.testcases.HomepageTest@799f10e1]" started-at="2024-06-13T12:24:41 IST" name="teardown" finished-at="2024-06-13T12:24:41 IST" duration-ms="134" status="PASS">
          <reporter-output>
          </reporter-output>
        </test-method> <!-- teardown -->
      </class> <!-- com.prjct.qa.testcases.HomepageTest -->
    </test> <!-- Default test -->
  </suite> <!-- Default suite -->
</testng-results>
